#
# There is insufficient memory for the Java Runtime Environment to continue.
# Native memory allocation (malloc) failed to allocate 476816 bytes. Error detail: Chunk::new
# Possible reasons:
#   The system is out of physical RAM or swap space
#   This process is running with CompressedOops enabled, and the Java Heap may be blocking the growth of the native heap
# Possible solutions:
#   Reduce memory load on the system
#   Increase physical memory or swap space
#   Check if swap backing store is full
#   Decrease Java heap size (-Xmx/-Xms)
#   Decrease number of Java threads
#   Decrease Java thread stack sizes (-Xss)
#   Set larger code cache with -XX:ReservedCodeCacheSize=
#   JVM is running with Unscaled Compressed Oops mode in which the Java heap is
#     placed in the first 4GB address space. The Java Heap base address is the
#     maximum limit for the native heap growth. Please use -XX:HeapBaseMinAddress
#     to set the Java Heap base and to place the Java Heap above 4GB virtual address.
# This output file may be truncated or incomplete.
#
#  Out of Memory Error (arena.cpp:150), pid=27904, tid=18100
#
# JRE version: OpenJDK Runtime Environment (22.0.2+9) (build 22.0.2+9-70)
# Java VM: OpenJDK 64-Bit Server VM (22.0.2+9-70, mixed mode, sharing, tiered, compressed oops, compressed class ptrs, g1 gc, windows-amd64)
# No core dump will be written. Minidumps are not enabled by default on client versions of Windows
#

---------------  S U M M A R Y ------------

Command Line: -javaagent:C:\Users\aliza_rvjno4x\AppData\Local\JetBrains\IntelliJ IDEA 2024.1.2\lib\idea_rt.jar=65475:C:\Users\aliza_rvjno4x\AppData\Local\JetBrains\IntelliJ IDEA 2024.1.2\bin -Dfile.encoding=UTF-8 -Dsun.stdout.encoding=UTF-8 -Dsun.stderr.encoding=UTF-8 org.example.Verticles.JsonReaderAndWriter.JsonWriter

Host: Intel(R) Core(TM) i5-1035G1 CPU @ 1.00GHz, 8 cores, 7G,  Windows 10 , 64 bit Build 19041 (10.0.19041.4597)
Time: Tue Aug 13 14:56:07 2024 Jerusalem Summer Time elapsed time: 0.740873 seconds (0d 0h 0m 0s)

---------------  T H R E A D  ---------------

Current thread (0x000002249d06ff30):  JavaThread "C2 CompilerThread0" daemon [_thread_in_native, id=18100, stack(0x000000331d500000,0x000000331d600000) (1024K)]


Current CompileTask:
C2:740  925       4       java.io.DataInputStream::readUTF (501 bytes)

Stack: [0x000000331d500000,0x000000331d600000]
Native frames: (J=compiled Java code, j=interpreted, Vv=VM code, C=native code)
V  [jvm.dll+0x6e26e9]  (no source info available)
V  [jvm.dll+0x875753]  (no source info available)
V  [jvm.dll+0x877b7e]  (no source info available)
V  [jvm.dll+0x878253]  (no source info available)
V  [jvm.dll+0x27fc86]  (no source info available)
V  [jvm.dll+0xc3d0f]  (no source info available)
V  [jvm.dll+0xc3f6b]  (no source info available)
V  [jvm.dll+0x3bb442]  (no source info available)
V  [jvm.dll+0x387d4b]  (no source info available)
V  [jvm.dll+0x3871ba]  (no source info available)
V  [jvm.dll+0x2477f8]  (no source info available)
V  [jvm.dll+0x246e9f]  (no source info available)
V  [jvm.dll+0x1c4e80]  (no source info available)
V  [jvm.dll+0x2568f3]  (no source info available)
V  [jvm.dll+0x254baa]  (no source info available)
V  [jvm.dll+0x3f57a6]  (no source info available)
V  [jvm.dll+0x81dc0b]  (no source info available)
V  [jvm.dll+0x6e0d85]  (no source info available)
C  [ucrtbase.dll+0x21bb2]  (no source info available)
C  [KERNEL32.DLL+0x17374]  (no source info available)
C  [ntdll.dll+0x4cc91]  (no source info available)


---------------  P R O C E S S  ---------------

Threads class SMR info:
_java_thread_list=0x000002249d5ab9c0, length=12, elements={
0x00000224fe7b6f30, 0x000002249d05fb30, 0x000002249d060850, 0x000002249d061990,
0x000002249d063cc0, 0x000002249d064720, 0x000002249d065180, 0x000002249d06ff30,
0x000002249d078700, 0x000002249d02e310, 0x000002249d468230, 0x000002249d41ae80
}

Java Threads: ( => current thread )
  0x00000224fe7b6f30 JavaThread "main"                              [_thread_in_vm, id=21424, stack(0x000000331c700000,0x000000331c800000) (1024K)]
  0x000002249d05fb30 JavaThread "Reference Handler"          daemon [_thread_blocked, id=24808, stack(0x000000331cf00000,0x000000331d000000) (1024K)]
  0x000002249d060850 JavaThread "Finalizer"                  daemon [_thread_blocked, id=8156, stack(0x000000331d000000,0x000000331d100000) (1024K)]
  0x000002249d061990 JavaThread "Signal Dispatcher"          daemon [_thread_blocked, id=19876, stack(0x000000331d100000,0x000000331d200000) (1024K)]
  0x000002249d063cc0 JavaThread "Attach Listener"            daemon [_thread_blocked, id=5020, stack(0x000000331d200000,0x000000331d300000) (1024K)]
  0x000002249d064720 JavaThread "Service Thread"             daemon [_thread_blocked, id=26072, stack(0x000000331d300000,0x000000331d400000) (1024K)]
  0x000002249d065180 JavaThread "Monitor Deflation Thread"   daemon [_thread_blocked, id=12276, stack(0x000000331d400000,0x000000331d500000) (1024K)]
=>0x000002249d06ff30 JavaThread "C2 CompilerThread0"         daemon [_thread_in_native, id=18100, stack(0x000000331d500000,0x000000331d600000) (1024K)]
  0x000002249d078700 JavaThread "C1 CompilerThread0"         daemon [_thread_blocked, id=24028, stack(0x000000331d600000,0x000000331d700000) (1024K)]
  0x000002249d02e310 JavaThread "Common-Cleaner"             daemon [_thread_blocked, id=17600, stack(0x000000331d700000,0x000000331d800000) (1024K)]
  0x000002249d468230 JavaThread "Monitor Ctrl-Break"         daemon [_thread_in_native, id=26780, stack(0x000000331d800000,0x000000331d900000) (1024K)]
  0x000002249d41ae80 JavaThread "Notification Thread"        daemon [_thread_blocked, id=17460, stack(0x000000331d900000,0x000000331da00000) (1024K)]
Total: 12

Other Threads:
  0x000002249d043080 VMThread "VM Thread"                           [id=28892, stack(0x000000331ce00000,0x000000331cf00000) (1024K)]
  0x000002249d02d910 WatcherThread "VM Periodic Task Thread"        [id=5484, stack(0x000000331cd00000,0x000000331ce00000) (1024K)]
  0x00000224ff4dcce0 WorkerThread "GC Thread#0"                     [id=26904, stack(0x000000331c800000,0x000000331c900000) (1024K)]
  0x00000224ff4ed580 ConcurrentGCThread "G1 Main Marker"            [id=1780, stack(0x000000331c900000,0x000000331ca00000) (1024K)]
  0x00000224ff4eefa0 WorkerThread "G1 Conc#0"                       [id=27560, stack(0x000000331ca00000,0x000000331cb00000) (1024K)]
  0x00000224ff54e5f0 ConcurrentGCThread "G1 Refine#0"               [id=28976, stack(0x000000331cb00000,0x000000331cc00000) (1024K)]
  0x000002249cf03180 ConcurrentGCThread "G1 Service"                [id=4052, stack(0x000000331cc00000,0x000000331cd00000) (1024K)]
Total: 7

Threads with active compile tasks:
C2 CompilerThread0  842  925       4       java.io.DataInputStream::readUTF (501 bytes)
Total: 1

VM state: not at safepoint (normal execution)

VM Mutex/Monitor currently owned by a thread: None

Heap address: 0x0000000084000000, size: 1984 MB, Compressed Oops mode: 32-bit

CDS archive(s) mapped at: [0x000002249e000000-0x000002249ec60000-0x000002249ec60000), size 12976128, SharedBaseAddress: 0x000002249e000000, ArchiveRelocationMode: 1.
Compressed class space mapped at: 0x000002249f000000-0x00000224df000000, reserved size: 1073741824
Narrow klass base: 0x000002249e000000, Narrow klass shift: 0, Narrow klass range: 0x41000000

GC Precious Log:
 CardTable entry size: 512
 Card Set container configuration: InlinePtr #cards 5 size 8 Array Of Cards #cards 12 size 40 Howl #buckets 4 coarsen threshold 1843 Howl Bitmap #cards 512 size 80 coarsen threshold 460 Card regions per heap region 1 cards per card region 2048
 CPUs: 8 total, 8 available
 Memory: 7932M
 Large Page Support: Disabled
 NUMA Support: Disabled
 Compressed Oops: Enabled (32-bit)
 Heap Region Size: 1M
 Heap Min Capacity: 8M
 Heap Initial Capacity: 124M
 Heap Max Capacity: 1984M
 Pre-touch: Disabled
 Parallel Workers: 8
 Concurrent Workers: 2
 Concurrent Refinement Workers: 8
 Periodic GC: Disabled

Heap:
 garbage-first heap   total reserved 2031616K, committed 126976K, used 17408K [0x0000000084000000, 0x0000000100000000)
  region size 1024K, 19 young (19456K), 0 survivors (0K)
 Metaspace       used 6418K, committed 6592K, reserved 1114112K
  class space    used 745K, committed 832K, reserved 1048576K

Heap Regions: E=young(eden), S=young(survivor), O=old, HS=humongous(starts), HC=humongous(continues), CS=collection set, F=free, TAMS=top-at-mark-start, PB=parsable bottom
|   0|0x0000000084000000, 0x0000000084000000, 0x0000000084100000|  0%| F|  |TAMS 0x0000000084000000| PB 0x0000000084000000| Untracked |  0
|   1|0x0000000084100000, 0x0000000084100000, 0x0000000084200000|  0%| F|  |TAMS 0x0000000084100000| PB 0x0000000084100000| Untracked |  0
|   2|0x0000000084200000, 0x0000000084200000, 0x0000000084300000|  0%| F|  |TAMS 0x0000000084200000| PB 0x0000000084200000| Untracked |  0
|   3|0x0000000084300000, 0x0000000084300000, 0x0000000084400000|  0%| F|  |TAMS 0x0000000084300000| PB 0x0000000084300000| Untracked |  0
|   4|0x0000000084400000, 0x0000000084400000, 0x0000000084500000|  0%| F|  |TAMS 0x0000000084400000| PB 0x0000000084400000| Untracked |  0
|   5|0x0000000084500000, 0x0000000084500000, 0x0000000084600000|  0%| F|  |TAMS 0x0000000084500000| PB 0x0000000084500000| Untracked |  0
|   6|0x0000000084600000, 0x0000000084600000, 0x0000000084700000|  0%| F|  |TAMS 0x0000000084600000| PB 0x0000000084600000| Untracked |  0
|   7|0x0000000084700000, 0x0000000084700000, 0x0000000084800000|  0%| F|  |TAMS 0x0000000084700000| PB 0x0000000084700000| Untracked |  0
|   8|0x0000000084800000, 0x0000000084800000, 0x0000000084900000|  0%| F|  |TAMS 0x0000000084800000| PB 0x0000000084800000| Untracked |  0
|   9|0x0000000084900000, 0x0000000084900000, 0x0000000084a00000|  0%| F|  |TAMS 0x0000000084900000| PB 0x0000000084900000| Untracked |  0
|  10|0x0000000084a00000, 0x0000000084a00000, 0x0000000084b00000|  0%| F|  |TAMS 0x0000000084a00000| PB 0x0000000084a00000| Untracked |  0
|  11|0x0000000084b00000, 0x0000000084b00000, 0x0000000084c00000|  0%| F|  |TAMS 0x0000000084b00000| PB 0x0000000084b00000| Untracked |  0
|  12|0x0000000084c00000, 0x0000000084c00000, 0x0000000084d00000|  0%| F|  |TAMS 0x0000000084c00000| PB 0x0000000084c00000| Untracked |  0
|  13|0x0000000084d00000, 0x0000000084d00000, 0x0000000084e00000|  0%| F|  |TAMS 0x0000000084d00000| PB 0x0000000084d00000| Untracked |  0
|  14|0x0000000084e00000, 0x0000000084e00000, 0x0000000084f00000|  0%| F|  |TAMS 0x0000000084e00000| PB 0x0000000084e00000| Untracked |  0
|  15|0x0000000084f00000, 0x0000000084f00000, 0x0000000085000000|  0%| F|  |TAMS 0x0000000084f00000| PB 0x0000000084f00000| Untracked |  0
|  16|0x0000000085000000, 0x0000000085000000, 0x0000000085100000|  0%| F|  |TAMS 0x0000000085000000| PB 0x0000000085000000| Untracked |  0
|  17|0x0000000085100000, 0x0000000085100000, 0x0000000085200000|  0%| F|  |TAMS 0x0000000085100000| PB 0x0000000085100000| Untracked |  0
|  18|0x0000000085200000, 0x0000000085200000, 0x0000000085300000|  0%| F|  |TAMS 0x0000000085200000| PB 0x0000000085200000| Untracked |  0
|  19|0x0000000085300000, 0x0000000085300000, 0x0000000085400000|  0%| F|  |TAMS 0x0000000085300000| PB 0x0000000085300000| Untracked |  0
|  20|0x0000000085400000, 0x0000000085400000, 0x0000000085500000|  0%| F|  |TAMS 0x0000000085400000| PB 0x0000000085400000| Untracked |  0
|  21|0x0000000085500000, 0x0000000085500000, 0x0000000085600000|  0%| F|  |TAMS 0x0000000085500000| PB 0x0000000085500000| Untracked |  0
|  22|0x0000000085600000, 0x0000000085600000, 0x0000000085700000|  0%| F|  |TAMS 0x0000000085600000| PB 0x0000000085600000| Untracked |  0
|  23|0x0000000085700000, 0x0000000085700000, 0x0000000085800000|  0%| F|  |TAMS 0x0000000085700000| PB 0x0000000085700000| Untracked |  0
|  24|0x0000000085800000, 0x0000000085800000, 0x0000000085900000|  0%| F|  |TAMS 0x0000000085800000| PB 0x0000000085800000| Untracked |  0
|  25|0x0000000085900000, 0x0000000085900000, 0x0000000085a00000|  0%| F|  |TAMS 0x0000000085900000| PB 0x0000000085900000| Untracked |  0
|  26|0x0000000085a00000, 0x0000000085a00000, 0x0000000085b00000|  0%| F|  |TAMS 0x0000000085a00000| PB 0x0000000085a00000| Untracked |  0
|  27|0x0000000085b00000, 0x0000000085b00000, 0x0000000085c00000|  0%| F|  |TAMS 0x0000000085b00000| PB 0x0000000085b00000| Untracked |  0
|  28|0x0000000085c00000, 0x0000000085c00000, 0x0000000085d00000|  0%| F|  |TAMS 0x0000000085c00000| PB 0x0000000085c00000| Untracked |  0
|  29|0x0000000085d00000, 0x0000000085d00000, 0x0000000085e00000|  0%| F|  |TAMS 0x0000000085d00000| PB 0x0000000085d00000| Untracked |  0
|  30|0x0000000085e00000, 0x0000000085e00000, 0x0000000085f00000|  0%| F|  |TAMS 0x0000000085e00000| PB 0x0000000085e00000| Untracked |  0
|  31|0x0000000085f00000, 0x0000000085f00000, 0x0000000086000000|  0%| F|  |TAMS 0x0000000085f00000| PB 0x0000000085f00000| Untracked |  0
|  32|0x0000000086000000, 0x0000000086000000, 0x0000000086100000|  0%| F|  |TAMS 0x0000000086000000| PB 0x0000000086000000| Untracked |  0
|  33|0x0000000086100000, 0x0000000086100000, 0x0000000086200000|  0%| F|  |TAMS 0x0000000086100000| PB 0x0000000086100000| Untracked |  0
|  34|0x0000000086200000, 0x0000000086200000, 0x0000000086300000|  0%| F|  |TAMS 0x0000000086200000| PB 0x0000000086200000| Untracked |  0
|  35|0x0000000086300000, 0x0000000086300000, 0x0000000086400000|  0%| F|  |TAMS 0x0000000086300000| PB 0x0000000086300000| Untracked |  0
|  36|0x0000000086400000, 0x0000000086400000, 0x0000000086500000|  0%| F|  |TAMS 0x0000000086400000| PB 0x0000000086400000| Untracked |  0
|  37|0x0000000086500000, 0x0000000086500000, 0x0000000086600000|  0%| F|  |TAMS 0x0000000086500000| PB 0x0000000086500000| Untracked |  0
|  38|0x0000000086600000, 0x0000000086600000, 0x0000000086700000|  0%| F|  |TAMS 0x0000000086600000| PB 0x0000000086600000| Untracked |  0
|  39|0x0000000086700000, 0x0000000086700000, 0x0000000086800000|  0%| F|  |TAMS 0x0000000086700000| PB 0x0000000086700000| Untracked |  0
|  40|0x0000000086800000, 0x0000000086800000, 0x0000000086900000|  0%| F|  |TAMS 0x0000000086800000| PB 0x0000000086800000| Untracked |  0
|  41|0x0000000086900000, 0x0000000086900000, 0x0000000086a00000|  0%| F|  |TAMS 0x0000000086900000| PB 0x0000000086900000| Untracked |  0
|  42|0x0000000086a00000, 0x0000000086a00000, 0x0000000086b00000|  0%| F|  |TAMS 0x0000000086a00000| PB 0x0000000086a00000| Untracked |  0
|  43|0x0000000086b00000, 0x0000000086b00000, 0x0000000086c00000|  0%| F|  |TAMS 0x0000000086b00000| PB 0x0000000086b00000| Untracked |  0
|  44|0x0000000086c00000, 0x0000000086c00000, 0x0000000086d00000|  0%| F|  |TAMS 0x0000000086c00000| PB 0x0000000086c00000| Untracked |  0
|  45|0x0000000086d00000, 0x0000000086d00000, 0x0000000086e00000|  0%| F|  |TAMS 0x0000000086d00000| PB 0x0000000086d00000| Untracked |  0
|  46|0x0000000086e00000, 0x0000000086e00000, 0x0000000086f00000|  0%| F|  |TAMS 0x0000000086e00000| PB 0x0000000086e00000| Untracked |  0
|  47|0x0000000086f00000, 0x0000000086f00000, 0x0000000087000000|  0%| F|  |TAMS 0x0000000086f00000| PB 0x0000000086f00000| Untracked |  0
|  48|0x0000000087000000, 0x0000000087000000, 0x0000000087100000|  0%| F|  |TAMS 0x0000000087000000| PB 0x0000000087000000| Untracked |  0
|  49|0x0000000087100000, 0x0000000087100000, 0x0000000087200000|  0%| F|  |TAMS 0x0000000087100000| PB 0x0000000087100000| Untracked |  0
|  50|0x0000000087200000, 0x0000000087200000, 0x0000000087300000|  0%| F|  |TAMS 0x0000000087200000| PB 0x0000000087200000| Untracked |  0
|  51|0x0000000087300000, 0x0000000087300000, 0x0000000087400000|  0%| F|  |TAMS 0x0000000087300000| PB 0x0000000087300000| Untracked |  0
|  52|0x0000000087400000, 0x0000000087400000, 0x0000000087500000|  0%| F|  |TAMS 0x0000000087400000| PB 0x0000000087400000| Untracked |  0
|  53|0x0000000087500000, 0x0000000087500000, 0x0000000087600000|  0%| F|  |TAMS 0x0000000087500000| PB 0x0000000087500000| Untracked |  0
|  54|0x0000000087600000, 0x0000000087600000, 0x0000000087700000|  0%| F|  |TAMS 0x0000000087600000| PB 0x0000000087600000| Untracked |  0
|  55|0x0000000087700000, 0x0000000087700000, 0x0000000087800000|  0%| F|  |TAMS 0x0000000087700000| PB 0x0000000087700000| Untracked |  0
|  56|0x0000000087800000, 0x0000000087800000, 0x0000000087900000|  0%| F|  |TAMS 0x0000000087800000| PB 0x0000000087800000| Untracked |  0
|  57|0x0000000087900000, 0x0000000087900000, 0x0000000087a00000|  0%| F|  |TAMS 0x0000000087900000| PB 0x0000000087900000| Untracked |  0
|  58|0x0000000087a00000, 0x0000000087a00000, 0x0000000087b00000|  0%| F|  |TAMS 0x0000000087a00000| PB 0x0000000087a00000| Untracked |  0
|  59|0x0000000087b00000, 0x0000000087b00000, 0x0000000087c00000|  0%| F|  |TAMS 0x0000000087b00000| PB 0x0000000087b00000| Untracked |  0
|  60|0x0000000087c00000, 0x0000000087c00000, 0x0000000087d00000|  0%| F|  |TAMS 0x0000000087c00000| PB 0x0000000087c00000| Untracked |  0
|  61|0x0000000087d00000, 0x0000000087d00000, 0x0000000087e00000|  0%| F|  |TAMS 0x0000000087d00000| PB 0x0000000087d00000| Untracked |  0
|  62|0x0000000087e00000, 0x0000000087e00000, 0x0000000087f00000|  0%| F|  |TAMS 0x0000000087e00000| PB 0x0000000087e00000| Untracked |  0
|  63|0x0000000087f00000, 0x0000000087f00000, 0x0000000088000000|  0%| F|  |TAMS 0x0000000087f00000| PB 0x0000000087f00000| Untracked |  0
|  64|0x0000000088000000, 0x0000000088000000, 0x0000000088100000|  0%| F|  |TAMS 0x0000000088000000| PB 0x0000000088000000| Untracked |  0
|  65|0x0000000088100000, 0x0000000088100000, 0x0000000088200000|  0%| F|  |TAMS 0x0000000088100000| PB 0x0000000088100000| Untracked |  0
|  66|0x0000000088200000, 0x0000000088200000, 0x0000000088300000|  0%| F|  |TAMS 0x0000000088200000| PB 0x0000000088200000| Untracked |  0
|  67|0x0000000088300000, 0x0000000088300000, 0x0000000088400000|  0%| F|  |TAMS 0x0000000088300000| PB 0x0000000088300000| Untracked |  0
|  68|0x0000000088400000, 0x0000000088400000, 0x0000000088500000|  0%| F|  |TAMS 0x0000000088400000| PB 0x0000000088400000| Untracked |  0
|  69|0x0000000088500000, 0x0000000088500000, 0x0000000088600000|  0%| F|  |TAMS 0x0000000088500000| PB 0x0000000088500000| Untracked |  0
|  70|0x0000000088600000, 0x0000000088600000, 0x0000000088700000|  0%| F|  |TAMS 0x0000000088600000| PB 0x0000000088600000| Untracked |  0
|  71|0x0000000088700000, 0x0000000088700000, 0x0000000088800000|  0%| F|  |TAMS 0x0000000088700000| PB 0x0000000088700000| Untracked |  0
|  72|0x0000000088800000, 0x0000000088800000, 0x0000000088900000|  0%| F|  |TAMS 0x0000000088800000| PB 0x0000000088800000| Untracked |  0
|  73|0x0000000088900000, 0x0000000088900000, 0x0000000088a00000|  0%| F|  |TAMS 0x0000000088900000| PB 0x0000000088900000| Untracked |  0
|  74|0x0000000088a00000, 0x0000000088a00000, 0x0000000088b00000|  0%| F|  |TAMS 0x0000000088a00000| PB 0x0000000088a00000| Untracked |  0
|  75|0x0000000088b00000, 0x0000000088b00000, 0x0000000088c00000|  0%| F|  |TAMS 0x0000000088b00000| PB 0x0000000088b00000| Untracked |  0
|  76|0x0000000088c00000, 0x0000000088c00000, 0x0000000088d00000|  0%| F|  |TAMS 0x0000000088c00000| PB 0x0000000088c00000| Untracked |  0
|  77|0x0000000088d00000, 0x0000000088d00000, 0x0000000088e00000|  0%| F|  |TAMS 0x0000000088d00000| PB 0x0000000088d00000| Untracked |  0
|  78|0x0000000088e00000, 0x0000000088e00000, 0x0000000088f00000|  0%| F|  |TAMS 0x0000000088e00000| PB 0x0000000088e00000| Untracked |  0
|  79|0x0000000088f00000, 0x0000000088f00000, 0x0000000089000000|  0%| F|  |TAMS 0x0000000088f00000| PB 0x0000000088f00000| Untracked |  0
|  80|0x0000000089000000, 0x0000000089000000, 0x0000000089100000|  0%| F|  |TAMS 0x0000000089000000| PB 0x0000000089000000| Untracked |  0
|  81|0x0000000089100000, 0x0000000089100000, 0x0000000089200000|  0%| F|  |TAMS 0x0000000089100000| PB 0x0000000089100000| Untracked |  0
|  82|0x0000000089200000, 0x0000000089200000, 0x0000000089300000|  0%| F|  |TAMS 0x0000000089200000| PB 0x0000000089200000| Untracked |  0
|  83|0x0000000089300000, 0x0000000089300000, 0x0000000089400000|  0%| F|  |TAMS 0x0000000089300000| PB 0x0000000089300000| Untracked |  0
|  84|0x0000000089400000, 0x0000000089400000, 0x0000000089500000|  0%| F|  |TAMS 0x0000000089400000| PB 0x0000000089400000| Untracked |  0
|  85|0x0000000089500000, 0x0000000089500000, 0x0000000089600000|  0%| F|  |TAMS 0x0000000089500000| PB 0x0000000089500000| Untracked |  0
|  86|0x0000000089600000, 0x0000000089600000, 0x0000000089700000|  0%| F|  |TAMS 0x0000000089600000| PB 0x0000000089600000| Untracked |  0
|  87|0x0000000089700000, 0x0000000089700000, 0x0000000089800000|  0%| F|  |TAMS 0x0000000089700000| PB 0x0000000089700000| Untracked |  0
|  88|0x0000000089800000, 0x0000000089800000, 0x0000000089900000|  0%| F|  |TAMS 0x0000000089800000| PB 0x0000000089800000| Untracked |  0
|  89|0x0000000089900000, 0x0000000089900000, 0x0000000089a00000|  0%| F|  |TAMS 0x0000000089900000| PB 0x0000000089900000| Untracked |  0
|  90|0x0000000089a00000, 0x0000000089a00000, 0x0000000089b00000|  0%| F|  |TAMS 0x0000000089a00000| PB 0x0000000089a00000| Untracked |  0
|  91|0x0000000089b00000, 0x0000000089b00000, 0x0000000089c00000|  0%| F|  |TAMS 0x0000000089b00000| PB 0x0000000089b00000| Untracked |  0
|  92|0x0000000089c00000, 0x0000000089c00000, 0x0000000089d00000|  0%| F|  |TAMS 0x0000000089c00000| PB 0x0000000089c00000| Untracked |  0
|  93|0x0000000089d00000, 0x0000000089d00000, 0x0000000089e00000|  0%| F|  |TAMS 0x0000000089d00000| PB 0x0000000089d00000| Untracked |  0
|  94|0x0000000089e00000, 0x0000000089e00000, 0x0000000089f00000|  0%| F|  |TAMS 0x0000000089e00000| PB 0x0000000089e00000| Untracked |  0
|  95|0x0000000089f00000, 0x0000000089f00000, 0x000000008a000000|  0%| F|  |TAMS 0x0000000089f00000| PB 0x0000000089f00000| Untracked |  0
|  96|0x000000008a000000, 0x000000008a000000, 0x000000008a100000|  0%| F|  |TAMS 0x000000008a000000| PB 0x000000008a000000| Untracked |  0
|  97|0x000000008a100000, 0x000000008a100000, 0x000000008a200000|  0%| F|  |TAMS 0x000000008a100000| PB 0x000000008a100000| Untracked |  0
|  98|0x000000008a200000, 0x000000008a200000, 0x000000008a300000|  0%| F|  |TAMS 0x000000008a200000| PB 0x000000008a200000| Untracked |  0
|  99|0x000000008a300000, 0x000000008a300000, 0x000000008a400000|  0%| F|  |TAMS 0x000000008a300000| PB 0x000000008a300000| Untracked |  0
| 100|0x000000008a400000, 0x000000008a400000, 0x000000008a500000|  0%| F|  |TAMS 0x000000008a400000| PB 0x000000008a400000| Untracked |  0
| 101|0x000000008a500000, 0x000000008a500000, 0x000000008a600000|  0%| F|  |TAMS 0x000000008a500000| PB 0x000000008a500000| Untracked |  0
| 102|0x000000008a600000, 0x000000008a600000, 0x000000008a700000|  0%| F|  |TAMS 0x000000008a600000| PB 0x000000008a600000| Untracked |  0
| 103|0x000000008a700000, 0x000000008a700000, 0x000000008a800000|  0%| F|  |TAMS 0x000000008a700000| PB 0x000000008a700000| Untracked |  0
| 104|0x000000008a800000, 0x000000008a800000, 0x000000008a900000|  0%| F|  |TAMS 0x000000008a800000| PB 0x000000008a800000| Untracked |  0
| 105|0x000000008a900000, 0x000000008a9f5d38, 0x000000008aa00000| 96%| E|  |TAMS 0x000000008a900000| PB 0x000000008a900000| Complete |  0
| 106|0x000000008aa00000, 0x000000008ab00000, 0x000000008ab00000|100%| E|CS|TAMS 0x000000008aa00000| PB 0x000000008aa00000| Complete |  0
| 107|0x000000008ab00000, 0x000000008ac00000, 0x000000008ac00000|100%| E|CS|TAMS 0x000000008ab00000| PB 0x000000008ab00000| Complete |  0
| 108|0x000000008ac00000, 0x000000008ad00000, 0x000000008ad00000|100%| E|CS|TAMS 0x000000008ac00000| PB 0x000000008ac00000| Complete |  0
| 109|0x000000008ad00000, 0x000000008ae00000, 0x000000008ae00000|100%| E|CS|TAMS 0x000000008ad00000| PB 0x000000008ad00000| Complete |  0
| 110|0x000000008ae00000, 0x000000008af00000, 0x000000008af00000|100%| E|  |TAMS 0x000000008ae00000| PB 0x000000008ae00000| Complete |  0
| 111|0x000000008af00000, 0x000000008b000000, 0x000000008b000000|100%| E|CS|TAMS 0x000000008af00000| PB 0x000000008af00000| Complete |  0
| 112|0x000000008b000000, 0x000000008b100000, 0x000000008b100000|100%| E|CS|TAMS 0x000000008b000000| PB 0x000000008b000000| Complete |  0
| 113|0x000000008b100000, 0x000000008b200000, 0x000000008b200000|100%| E|CS|TAMS 0x000000008b100000| PB 0x000000008b100000| Complete |  0
| 114|0x000000008b200000, 0x000000008b300000, 0x000000008b300000|100%| E|CS|TAMS 0x000000008b200000| PB 0x000000008b200000| Complete |  0
| 115|0x000000008b300000, 0x000000008b400000, 0x000000008b400000|100%| E|CS|TAMS 0x000000008b300000| PB 0x000000008b300000| Complete |  0
| 116|0x000000008b400000, 0x000000008b500000, 0x000000008b500000|100%| E|CS|TAMS 0x000000008b400000| PB 0x000000008b400000| Complete |  0
| 117|0x000000008b500000, 0x000000008b600000, 0x000000008b600000|100%| E|CS|TAMS 0x000000008b500000| PB 0x000000008b500000| Complete |  0
| 118|0x000000008b600000, 0x000000008b700000, 0x000000008b700000|100%| E|CS|TAMS 0x000000008b600000| PB 0x000000008b600000| Complete |  0
| 119|0x000000008b700000, 0x000000008b800000, 0x000000008b800000|100%| E|CS|TAMS 0x000000008b700000| PB 0x000000008b700000| Complete |  0
| 120|0x000000008b800000, 0x000000008b900000, 0x000000008b900000|100%| E|CS|TAMS 0x000000008b800000| PB 0x000000008b800000| Complete |  0
| 121|0x000000008b900000, 0x000000008ba00000, 0x000000008ba00000|100%| E|CS|TAMS 0x000000008b900000| PB 0x000000008b900000| Complete |  0
| 122|0x000000008ba00000, 0x000000008bb00000, 0x000000008bb00000|100%| E|CS|TAMS 0x000000008ba00000| PB 0x000000008ba00000| Complete |  0
| 123|0x000000008bb00000, 0x000000008bc00000, 0x000000008bc00000|100%| E|CS|TAMS 0x000000008bb00000| PB 0x000000008bb00000| Complete |  0

Card table byte_map: [0x0000022498690000,0x0000022498a70000] _byte_map_base: 0x0000022498270000

Marking Bits: (CMBitMap*) 0x00000224ff4dd2f0
 Bits: [0x0000022498a70000, 0x000002249a970000)

Polling page: 0x00000224fe770000

Metaspace:

Usage:
  Non-class:      5.64 MB used.
      Class:    755.40 KB used.
       Both:      6.37 MB used.

Virtual space:
  Non-class space:       64.00 MB reserved,       5.75 MB (  9%) committed,  1 nodes.
      Class space:        1.00 GB reserved,     832.00 KB ( <1%) committed,  1 nodes.
             Both:        1.06 GB reserved,       6.56 MB ( <1%) committed. 

Chunk freelists:
   Non-Class:  9.15 MB
       Class:  15.01 MB
        Both:  24.16 MB

MaxMetaspaceSize: unlimited
CompressedClassSpaceSize: 1.00 GB
Initial GC threshold: 21.00 MB
Current GC threshold: 21.00 MB
CDS: on
 - commit_granule_bytes: 65536.
 - commit_granule_words: 8192.
 - virtual_space_node_default_size: 8388608.
 - enlarge_chunks_in_place: 1.
 - use_allocation_guard: 0.


Internal statistics:

num_allocs_failed_limit: 0.
num_arena_births: 68.
num_arena_deaths: 0.
num_vsnodes_births: 2.
num_vsnodes_deaths: 0.
num_space_committed: 105.
num_space_uncommitted: 0.
num_chunks_returned_to_freelist: 0.
num_chunks_taken_from_freelist: 226.
num_chunk_merges: 0.
num_chunk_splits: 148.
num_chunks_enlarged: 122.
num_inconsistent_stats: 0.

CodeHeap 'non-profiled nmethods': size=120000Kb used=316Kb max_used=316Kb free=119683Kb
 bounds [0x0000022491160000, 0x00000224913d0000, 0x0000022498690000]
CodeHeap 'profiled nmethods': size=120000Kb used=1985Kb max_used=1985Kb free=118015Kb
 bounds [0x0000022489690000, 0x0000022489900000, 0x0000022490bc0000]
CodeHeap 'non-nmethods': size=5760Kb used=1507Kb max_used=1507Kb free=4252Kb
 bounds [0x0000022490bc0000, 0x0000022490e30000, 0x0000022491160000]
 total_blobs=1570 nmethods=1100 adapters=375
 compilation: enabled
              stopped_count=0, restarted_count=0
 full_count=0

Compilation events (20 events):
Event: 0.732 Thread 0x000002249d078700 nmethod 978 0x000002248982b010 code [0x000002248982b1c0, 0x000002248982b420]
Event: 0.732 Thread 0x000002249d078700  980       1       sun.util.locale.LanguageTag::getLanguage (5 bytes)
Event: 0.732 Thread 0x000002249d078700 nmethod 980 0x00000224911abc90 code [0x00000224911abe20, 0x00000224911abee8]
Event: 0.732 Thread 0x000002249d078700  984       3       sun.util.locale.BaseLocale$Key::hashCode (178 bytes)
Event: 0.734 Thread 0x000002249d078700 nmethod 984 0x000002248982b590 code [0x000002248982b980, 0x000002248982d860]
Event: 0.734 Thread 0x000002249d078700  985       3       sun.util.locale.LocaleUtils::isAlphaString (33 bytes)
Event: 0.735 Thread 0x000002249d078700 nmethod 985 0x000002248982e510 code [0x000002248982e740, 0x000002248982efd8]
Event: 0.735 Thread 0x000002249d078700  989       3       sun.util.locale.LocaleUtils::toUpperString (95 bytes)
Event: 0.736 Thread 0x000002249d078700 nmethod 989 0x000002248982f390 code [0x000002248982f660, 0x0000022489830700]
Event: 0.736 Thread 0x000002249d078700  986       3       sun.util.locale.BaseLocale::<init> (76 bytes)
Event: 0.737 Thread 0x000002249d078700 nmethod 986 0x0000022489830d90 code [0x0000022489830fc0, 0x00000224898315e0]
Event: 0.737 Thread 0x000002249d078700  988       3       sun.util.locale.InternalLocaleBuilder::clearExtensions (50 bytes)
Event: 0.737 Thread 0x000002249d078700 nmethod 988 0x0000022489831810 code [0x00000224898319e0, 0x0000022489831df0]
Event: 0.737 Thread 0x000002249d078700  990       3       sun.util.locale.LocaleUtils::isEmpty (19 bytes)
Event: 0.737 Thread 0x000002249d078700 nmethod 990 0x0000022489831f10 code [0x00000224898320c0, 0x00000224898322f8]
Event: 0.737 Thread 0x000002249d078700  991       3       sun.util.locale.LocaleObjectCache::get (126 bytes)
Event: 0.738 Thread 0x000002249d078700 nmethod 991 0x0000022489832390 code [0x0000022489832640, 0x0000022489833778]
Event: 0.738 Thread 0x000002249d078700  997       3       sun.util.locale.BaseLocale::getInstance (150 bytes)
Event: 0.739 Thread 0x000002249d078700 nmethod 997 0x0000022489833c10 code [0x0000022489833e80, 0x0000022489834888]
Event: 0.739 Thread 0x000002249d078700  992       3       sun.util.locale.LocaleObjectCache::cleanStaleEntries (34 bytes)

GC Heap History (0 events):
No events

Dll operation events (12 events):
Event: 0.010 Loaded shared library C:\Users\aliza_rvjno4x\.jdks\openjdk-22.0.2\bin\java.dll
Event: 0.050 Loaded shared library C:\Users\aliza_rvjno4x\.jdks\openjdk-22.0.2\bin\jsvml.dll
Event: 0.143 Loaded shared library C:\Users\aliza_rvjno4x\.jdks\openjdk-22.0.2\bin\zip.dll
Event: 0.149 Loaded shared library C:\Users\aliza_rvjno4x\.jdks\openjdk-22.0.2\bin\instrument.dll
Event: 0.154 Loaded shared library C:\Users\aliza_rvjno4x\.jdks\openjdk-22.0.2\bin\net.dll
Event: 0.156 Loaded shared library C:\Users\aliza_rvjno4x\.jdks\openjdk-22.0.2\bin\nio.dll
Event: 0.166 Loaded shared library C:\Users\aliza_rvjno4x\.jdks\openjdk-22.0.2\bin\zip.dll
Event: 0.215 Loaded shared library C:\Users\aliza_rvjno4x\AppData\Local\JetBrains\IntelliJ IDEA 2024.1.2\bin\breakgen64.dll
Event: 0.228 Loaded shared library C:\Users\aliza_rvjno4x\.jdks\openjdk-22.0.2\bin\extnet.dll
Event: 0.295 Loaded shared library C:\Users\aliza_rvjno4x\.jdks\openjdk-22.0.2\bin\jimage.dll
Event: 0.460 Loaded shared library C:\Users\aliza_rvjno4x\.jdks\openjdk-22.0.2\bin\management.dll
Event: 0.468 Loaded shared library C:\Users\aliza_rvjno4x\.jdks\openjdk-22.0.2\bin\management_ext.dll

Deoptimization events (20 events):
Event: 0.552 Thread 0x00000224fe7b6f30 Uncommon trap: trap_request=0xffffff6e fr.pc=0x000002249118c750 relative=0x0000000000000410
Event: 0.552 Thread 0x00000224fe7b6f30 Uncommon trap: reason=loop_limit_check action=maybe_recompile pc=0x000002249118c750 method=java.lang.StringLatin1.indexOf([BI[BII)I @ 37 c2
Event: 0.552 Thread 0x00000224fe7b6f30 DEOPT PACKING pc=0x000002249118c750 sp=0x000000331c7fbca0
Event: 0.552 Thread 0x00000224fe7b6f30 DEOPT UNPACKING pc=0x0000022490c17da2 sp=0x000000331c7fbc00 mode 2
Event: 0.690 Thread 0x00000224fe7b6f30 Uncommon trap: trap_request=0xffffffc6 fr.pc=0x00000224911a0470 relative=0x0000000000000390
Event: 0.690 Thread 0x00000224fe7b6f30 Uncommon trap: reason=bimorphic_or_optimized_type_check action=maybe_recompile pc=0x00000224911a0470 method=java.util.concurrent.ConcurrentHashMap.get(Ljava/lang/Object;)Ljava/lang/Object; @ 149 c2
Event: 0.690 Thread 0x00000224fe7b6f30 DEOPT PACKING pc=0x00000224911a0470 sp=0x000000331c7fbc90
Event: 0.690 Thread 0x00000224fe7b6f30 DEOPT UNPACKING pc=0x0000022490c17da2 sp=0x000000331c7fbc10 mode 2
Event: 0.690 Thread 0x00000224fe7b6f30 Uncommon trap: trap_request=0xffffffc6 fr.pc=0x00000224911a0470 relative=0x0000000000000390
Event: 0.690 Thread 0x00000224fe7b6f30 Uncommon trap: reason=bimorphic_or_optimized_type_check action=maybe_recompile pc=0x00000224911a0470 method=java.util.concurrent.ConcurrentHashMap.get(Ljava/lang/Object;)Ljava/lang/Object; @ 149 c2
Event: 0.690 Thread 0x00000224fe7b6f30 DEOPT PACKING pc=0x00000224911a0470 sp=0x000000331c7fbc90
Event: 0.690 Thread 0x00000224fe7b6f30 DEOPT UNPACKING pc=0x0000022490c17da2 sp=0x000000331c7fbc10 mode 2
Event: 0.691 Thread 0x00000224fe7b6f30 Uncommon trap: trap_request=0xffffffc6 fr.pc=0x00000224911a0470 relative=0x0000000000000390
Event: 0.691 Thread 0x00000224fe7b6f30 Uncommon trap: reason=bimorphic_or_optimized_type_check action=maybe_recompile pc=0x00000224911a0470 method=java.util.concurrent.ConcurrentHashMap.get(Ljava/lang/Object;)Ljava/lang/Object; @ 149 c2
Event: 0.691 Thread 0x00000224fe7b6f30 DEOPT PACKING pc=0x00000224911a0470 sp=0x000000331c7fbc90
Event: 0.691 Thread 0x00000224fe7b6f30 DEOPT UNPACKING pc=0x0000022490c17da2 sp=0x000000331c7fbc10 mode 2
Event: 0.691 Thread 0x00000224fe7b6f30 Uncommon trap: trap_request=0xffffffc6 fr.pc=0x00000224911a0470 relative=0x0000000000000390
Event: 0.691 Thread 0x00000224fe7b6f30 Uncommon trap: reason=bimorphic_or_optimized_type_check action=maybe_recompile pc=0x00000224911a0470 method=java.util.concurrent.ConcurrentHashMap.get(Ljava/lang/Object;)Ljava/lang/Object; @ 149 c2
Event: 0.691 Thread 0x00000224fe7b6f30 DEOPT PACKING pc=0x00000224911a0470 sp=0x000000331c7fbc90
Event: 0.691 Thread 0x00000224fe7b6f30 DEOPT UNPACKING pc=0x0000022490c17da2 sp=0x000000331c7fbc10 mode 2

Classes loaded (20 events):
Event: 0.681 Loading class java/lang/reflect/ProxyGenerator$PrimitiveTypeInfo
Event: 0.681 Loading class java/lang/reflect/ProxyGenerator$PrimitiveTypeInfo done
Event: 0.681 Loading class jdk/internal/org/objectweb/asm/Edge
Event: 0.681 Loading class jdk/internal/org/objectweb/asm/Edge done
Event: 0.683 Loading class java/lang/reflect/Proxy$ProxyBuilder$1
Event: 0.683 Loading class java/lang/reflect/Proxy$ProxyBuilder$1 done
Event: 0.684 Loading class java/lang/annotation/Target
Event: 0.684 Loading class java/lang/annotation/Target done
Event: 0.687 Loading class java/lang/reflect/UndeclaredThrowableException
Event: 0.687 Loading class java/lang/reflect/UndeclaredThrowableException done
Event: 0.690 Loading class java/lang/Class$AnnotationData
Event: 0.690 Loading class java/lang/Class$AnnotationData done
Event: 0.698 Loading class java/lang/NoSuchFieldError
Event: 0.698 Loading class java/lang/NoSuchFieldError done
Event: 0.711 Loading class sun/util/calendar/ZoneInfoFile$Checksum
Event: 0.712 Loading class sun/util/calendar/ZoneInfoFile$Checksum done
Event: 0.715 Loading class java/time/temporal/UnsupportedTemporalTypeException
Event: 0.715 Loading class java/time/DateTimeException
Event: 0.715 Loading class java/time/DateTimeException done
Event: 0.715 Loading class java/time/temporal/UnsupportedTemporalTypeException done

Classes unloaded (0 events):
No events

Classes redefined (0 events):
No events

Internal exceptions (10 events):
Event: 0.201 Thread 0x00000224fe7b6f30 Exception <a 'java/lang/NoSuchMethodError'{0x000000008b8bb0f8}: 'void java.lang.invoke.DirectMethodHandle$Holder.invokeStatic(java.lang.Object, java.lang.Object, java.lang.Object)'> (0x000000008b8bb0f8) 
thrown [s\open\src\hotspot\share\interpreter\linkResolver.cpp, line 774]
Event: 0.208 Thread 0x00000224fe7b6f30 Exception <a 'java/lang/NoSuchMethodError'{0x000000008b8d2c80}: 'java.lang.Object java.lang.invoke.Invokers$Holder.invokeExact_MT(java.lang.Object, java.lang.Object, java.lang.Object, java.lang.Object, java.lang.Object)'> (0x000000008b8d2c80) 
thrown [s\open\src\hotspot\share\interpreter\linkResolver.cpp, line 774]
Event: 0.231 Thread 0x000002249d468230 Exception <a 'java/lang/NoSuchMethodError'{0x000000008b708c10}: 'void java.lang.invoke.DirectMethodHandle$Holder.invokeStatic(java.lang.Object, java.lang.Object)'> (0x000000008b708c10) 
thrown [s\open\src\hotspot\share\interpreter\linkResolver.cpp, line 774]
Event: 0.336 Thread 0x00000224fe7b6f30 Exception <a 'java/lang/NoClassDefFoundError'{0x000000008b5a0bb8}: org/slf4j/LoggerFactory> (0x000000008b5a0bb8) 
thrown [s\open\src\hotspot\share\classfile\systemDictionary.cpp, line 302]
Event: 0.336 Thread 0x00000224fe7b6f30 Exception <a 'java/lang/NoClassDefFoundError'{0x000000008b5a0bb8}> (0x000000008b5a0bb8) 
thrown [s\open\src\hotspot\share\oops\instanceKlass.cpp, line 1247]
Event: 0.376 Thread 0x00000224fe7b6f30 Exception <a 'java/lang/NoSuchMethodError'{0x000000008b48f618}: 'void java.lang.invoke.DirectMethodHandle$Holder.invokeSpecial(java.lang.Object, java.lang.Object, java.lang.Object, java.lang.Object, java.lang.Object)'> (0x000000008b48f618) 
thrown [s\open\src\hotspot\share\interpreter\linkResolver.cpp, line 774]
Event: 0.476 Thread 0x00000224fe7b6f30 Exception <a 'java/lang/NoSuchMethodError'{0x000000008b24dd98}: 'int java.lang.invoke.DirectMethodHandle$Holder.invokeSpecial(java.lang.Object, java.lang.Object, java.lang.Object)'> (0x000000008b24dd98) 
thrown [s\open\src\hotspot\share\interpreter\linkResolver.cpp, line 774]
Event: 0.507 Thread 0x00000224fe7b6f30 Exception <a 'java/lang/NoSuchMethodError'{0x000000008b2e5e48}: 'void java.lang.invoke.DirectMethodHandle$Holder.invokeStatic(java.lang.Object, java.lang.Object, java.lang.Object, java.lang.Object)'> (0x000000008b2e5e48) 
thrown [s\open\src\hotspot\share\interpreter\linkResolver.cpp, line 774]
Event: 0.508 Thread 0x00000224fe7b6f30 Exception <a 'java/lang/NoSuchMethodError'{0x000000008b2e96a0}: 'void java.lang.invoke.DirectMethodHandle$Holder.invokeStaticInit(java.lang.Object, java.lang.Object, java.lang.Object, java.lang.Object)'> (0x000000008b2e96a0) 
thrown [s\open\src\hotspot\share\interpreter\linkResolver.cpp, line 774]
Event: 0.668 Thread 0x00000224fe7b6f30 Exception <a 'java/lang/NoSuchMethodError'{0x000000008ac449b0}: 'java.lang.Object java.lang.invoke.DirectMethodHandle$Holder.newInvokeSpecial(java.lang.Object, long, int, java.lang.Object)'> (0x000000008ac449b0) 
thrown [s\open\src\hotspot\share\interpreter\linkResolver.cpp, line 774]

ZGC Phase Switch (0 events):
No events

VM Operations (8 events):
Event: 0.123 Executing VM operation: HandshakeAllThreads (Deoptimize)
Event: 0.123 Executing VM operation: HandshakeAllThreads (Deoptimize) done
Event: 0.372 Executing VM operation: HandshakeAllThreads (Deoptimize)
Event: 0.372 Executing VM operation: HandshakeAllThreads (Deoptimize) done
Event: 0.378 Executing VM operation: HandshakeAllThreads (Deoptimize)
Event: 0.378 Executing VM operation: HandshakeAllThreads (Deoptimize) done
Event: 0.518 Executing VM operation: HandshakeAllThreads (Deoptimize)
Event: 0.518 Executing VM operation: HandshakeAllThreads (Deoptimize) done

Memory protections (0 events):
No events

Nmethod flushes (0 events):
No events

Events (12 events):
Event: 0.028 Thread 0x00000224fe7b6f30 Thread added: 0x00000224fe7b6f30
Event: 0.045 Thread 0x00000224fe7b6f30 Thread added: 0x000002249d05fb30
Event: 0.046 Thread 0x00000224fe7b6f30 Thread added: 0x000002249d060850
Event: 0.046 Thread 0x00000224fe7b6f30 Thread added: 0x000002249d061990
Event: 0.046 Thread 0x00000224fe7b6f30 Thread added: 0x000002249d063cc0
Event: 0.046 Thread 0x00000224fe7b6f30 Thread added: 0x000002249d064720
Event: 0.046 Thread 0x00000224fe7b6f30 Thread added: 0x000002249d065180
Event: 0.046 Thread 0x00000224fe7b6f30 Thread added: 0x000002249d06ff30
Event: 0.046 Thread 0x00000224fe7b6f30 Thread added: 0x000002249d078700
Event: 0.108 Thread 0x00000224fe7b6f30 Thread added: 0x000002249d02e310
Event: 0.216 Thread 0x00000224fe7b6f30 Thread added: 0x000002249d468230
Event: 0.216 Thread 0x00000224fe7b6f30 Thread added: 0x000002249d41ae80


Dynamic libraries:
0x00007ff7e98e0000 - 0x00007ff7e98ee000 	C:\Users\aliza_rvjno4x\.jdks\openjdk-22.0.2\bin\java.exe
0x00007ff86c890000 - 0x00007ff86ca88000 	C:\Windows\SYSTEM32\ntdll.dll
0x00007ff86c0d0000 - 0x00007ff86c191000 	C:\Windows\System32\KERNEL32.DLL
0x00007ff86a290000 - 0x00007ff86a586000 	C:\Windows\System32\KERNELBASE.dll
0x00007ff86a0f0000 - 0x00007ff86a1f0000 	C:\Windows\System32\ucrtbase.dll
0x00007ff860cb0000 - 0x00007ff860ccb000 	C:\Users\aliza_rvjno4x\.jdks\openjdk-22.0.2\bin\VCRUNTIME140.dll
0x00007ff862ef0000 - 0x00007ff862f07000 	C:\Users\aliza_rvjno4x\.jdks\openjdk-22.0.2\bin\jli.dll
0x00007ff86a8f0000 - 0x00007ff86aa8f000 	C:\Windows\System32\USER32.dll
0x00007ff857550000 - 0x00007ff8577ea000 	C:\Windows\WinSxS\amd64_microsoft.windows.common-controls_6595b64144ccf1df_6.0.19041.4355_none_60b8b9eb71f62e16\COMCTL32.dll
0x00007ff86a0c0000 - 0x00007ff86a0e2000 	C:\Windows\System32\win32u.dll
0x00007ff86b770000 - 0x00007ff86b80e000 	C:\Windows\System32\msvcrt.dll
0x00007ff86b810000 - 0x00007ff86b83b000 	C:\Windows\System32\GDI32.dll
0x00007ff86a590000 - 0x00007ff86a6a7000 	C:\Windows\System32\gdi32full.dll
0x00007ff86a1f0000 - 0x00007ff86a28d000 	C:\Windows\System32\msvcp_win.dll
0x00007ff86a8c0000 - 0x00007ff86a8ef000 	C:\Windows\System32\IMM32.DLL
0x00007ff861680000 - 0x00007ff86168c000 	C:\Users\aliza_rvjno4x\.jdks\openjdk-22.0.2\bin\vcruntime140_1.dll
0x00007ff8494c0000 - 0x00007ff84954e000 	C:\Users\aliza_rvjno4x\.jdks\openjdk-22.0.2\bin\msvcp140.dll
0x00007ff80d190000 - 0x00007ff80ded9000 	C:\Users\aliza_rvjno4x\.jdks\openjdk-22.0.2\bin\server\jvm.dll
0x00007ff86af90000 - 0x00007ff86b040000 	C:\Windows\System32\ADVAPI32.dll
0x00007ff86c3c0000 - 0x00007ff86c460000 	C:\Windows\System32\sechost.dll
0x00007ff86b040000 - 0x00007ff86b163000 	C:\Windows\System32\RPCRT4.dll
0x00007ff869fb0000 - 0x00007ff869fd7000 	C:\Windows\System32\bcrypt.dll
0x00007ff86b700000 - 0x00007ff86b76b000 	C:\Windows\System32\WS2_32.dll
0x00007ff8696e0000 - 0x00007ff86972b000 	C:\Windows\SYSTEM32\POWRPROF.dll
0x00007ff84d650000 - 0x00007ff84d677000 	C:\Windows\SYSTEM32\WINMM.dll
0x00007ff8642c0000 - 0x00007ff8642ca000 	C:\Windows\SYSTEM32\VERSION.dll
0x00007ff869650000 - 0x00007ff869662000 	C:\Windows\SYSTEM32\UMPDC.dll
0x00007ff868750000 - 0x00007ff868762000 	C:\Windows\SYSTEM32\kernel.appcore.dll
0x00007ff860c40000 - 0x00007ff860c4a000 	C:\Users\aliza_rvjno4x\.jdks\openjdk-22.0.2\bin\jimage.dll
0x00007ff868460000 - 0x00007ff868644000 	C:\Windows\SYSTEM32\DBGHELP.DLL
0x00007ff862cd0000 - 0x00007ff862d04000 	C:\Windows\SYSTEM32\dbgcore.DLL
0x00007ff86a030000 - 0x00007ff86a0b2000 	C:\Windows\System32\bcryptPrimitives.dll
0x00007ff866270000 - 0x00007ff86627f000 	C:\Users\aliza_rvjno4x\.jdks\openjdk-22.0.2\bin\instrument.dll
0x00007ff860c00000 - 0x00007ff860c1e000 	C:\Users\aliza_rvjno4x\.jdks\openjdk-22.0.2\bin\java.dll
0x00007ff86b8a0000 - 0x00007ff86c00c000 	C:\Windows\System32\SHELL32.dll
0x00007ff86c690000 - 0x00007ff86c7bb000 	C:\Windows\System32\ole32.dll
0x00007ff86ac30000 - 0x00007ff86af83000 	C:\Windows\System32\combase.dll
0x00007ff867cb0000 - 0x00007ff86844e000 	C:\Windows\SYSTEM32\windows.storage.dll
0x00007ff869960000 - 0x00007ff86998e000 	C:\Windows\SYSTEM32\Wldp.dll
0x00007ff86c250000 - 0x00007ff86c31d000 	C:\Windows\System32\OLEAUT32.dll
0x00007ff86c1a0000 - 0x00007ff86c24d000 	C:\Windows\System32\SHCORE.dll
0x00007ff86b840000 - 0x00007ff86b895000 	C:\Windows\System32\shlwapi.dll
0x00007ff869e70000 - 0x00007ff869e94000 	C:\Windows\SYSTEM32\profapi.dll
0x00007ff8445f0000 - 0x00007ff8446c7000 	C:\Users\aliza_rvjno4x\.jdks\openjdk-22.0.2\bin\jsvml.dll
0x00007ff8574e0000 - 0x00007ff8574f7000 	C:\Users\aliza_rvjno4x\.jdks\openjdk-22.0.2\bin\zip.dll
0x00007ff859460000 - 0x00007ff859470000 	C:\Users\aliza_rvjno4x\.jdks\openjdk-22.0.2\bin\net.dll
0x00007ff869670000 - 0x00007ff8696da000 	C:\Windows\system32\mswsock.dll
0x00007ff857500000 - 0x00007ff857516000 	C:\Users\aliza_rvjno4x\.jdks\openjdk-22.0.2\bin\nio.dll
0x00007ff8382b0000 - 0x00007ff8382ca000 	C:\Users\aliza_rvjno4x\AppData\Local\JetBrains\IntelliJ IDEA 2024.1.2\bin\breakgen64.dll
0x00007ff857370000 - 0x00007ff857379000 	C:\Users\aliza_rvjno4x\.jdks\openjdk-22.0.2\bin\extnet.dll
0x00007ff8583b0000 - 0x00007ff8583ba000 	C:\Users\aliza_rvjno4x\.jdks\openjdk-22.0.2\bin\management.dll
0x00007ff8574b0000 - 0x00007ff8574bb000 	C:\Users\aliza_rvjno4x\.jdks\openjdk-22.0.2\bin\management_ext.dll
0x00007ff86c460000 - 0x00007ff86c468000 	C:\Windows\System32\PSAPI.DLL

dbghelp: loaded successfully - version: 4.0.5 - missing functions: none
symbol engine: initialized successfully - sym options: 0x614 - pdb path: .;C:\Users\aliza_rvjno4x\.jdks\openjdk-22.0.2\bin;C:\Windows\SYSTEM32;C:\Windows\WinSxS\amd64_microsoft.windows.common-controls_6595b64144ccf1df_6.0.19041.4355_none_60b8b9eb71f62e16;C:\Users\aliza_rvjno4x\.jdks\openjdk-22.0.2\bin\server;C:\Users\aliza_rvjno4x\AppData\Local\JetBrains\IntelliJ IDEA 2024.1.2\bin

VM Arguments:
jvm_args: -javaagent:C:\Users\aliza_rvjno4x\AppData\Local\JetBrains\IntelliJ IDEA 2024.1.2\lib\idea_rt.jar=65475:C:\Users\aliza_rvjno4x\AppData\Local\JetBrains\IntelliJ IDEA 2024.1.2\bin -Dfile.encoding=UTF-8 -Dsun.stdout.encoding=UTF-8 -Dsun.stderr.encoding=UTF-8 
java_command: org.example.Verticles.JsonReaderAndWriter.JsonWriter
java_class_path (initial): C:\Users\aliza_rvjno4x\IdeaProjects\DvirVerx.x\target\classes;C:\Users\aliza_rvjno4x\.m2\repository\org\apache\logging\log4j\log4j-core\2.17.1\log4j-core-2.17.1.jar;C:\Users\aliza_rvjno4x\.m2\repository\org\apache\logging\log4j\log4j-api\2.17.1\log4j-api-2.17.1.jar;C:\Users\aliza_rvjno4x\.m2\repository\io\vertx\vertx-core\4.4.1\vertx-core-4.4.1.jar;C:\Users\aliza_rvjno4x\.m2\repository\io\netty\netty-common\4.1.90.Final\netty-common-4.1.90.Final.jar;C:\Users\aliza_rvjno4x\.m2\repository\io\netty\netty-buffer\4.1.90.Final\netty-buffer-4.1.90.Final.jar;C:\Users\aliza_rvjno4x\.m2\repository\io\netty\netty-transport\4.1.90.Final\netty-transport-4.1.90.Final.jar;C:\Users\aliza_rvjno4x\.m2\repository\io\netty\netty-handler\4.1.90.Final\netty-handler-4.1.90.Final.jar;C:\Users\aliza_rvjno4x\.m2\repository\io\netty\netty-transport-native-unix-common\4.1.90.Final\netty-transport-native-unix-common-4.1.90.Final.jar;C:\Users\aliza_rvjno4x\.m2\repository\io\netty\netty-codec\4.1.90.Final\netty-codec-4.1.90.Final.jar;C:\Users\aliza_rvjno4x\.m2\repository\io\netty\netty-handler-proxy\4.1.90.Final\netty-handler-proxy-4.1.90.Final.jar;C:\Users\aliza_rvjno4x\.m2\repository\io\netty\netty-codec-socks\4.1.90.Final\netty-codec-socks-4.1.90.Final.jar;C:\Users\aliza_rvjno4x\.m2\repository\io\netty\netty-codec-http\4.1.90.Final\netty-codec-http-4.1.90.Final.jar;C:\Users\aliza_rvjno4x\.m2\repository\io\netty\netty-codec-http2\4.1.90.Final\netty-codec-http2-4.1.90.Final.jar;C:\Users\aliza_rvjno4x\.m2\repository\io\netty\netty-resolver\4.1.90.Final\netty-resolver-4.1.90.Final.jar;C:\Users\aliza_rvjno4x\.m2\repository\io\netty\netty-resolver-dns\4.1.90.Final\netty-resolver-dns-4.1.90.Final.jar;C:\Users\aliza_rvjno4x\.m2\repository\io\netty\netty-codec-dns\4.1.90.Final\netty-codec-dns-4.1.90.Final.jar;C:\Users\aliza_rvjno4x\.m2\repository\com\fasterxml\jackson\core\jackson-core\2.14.0\jackson-core-2.14.0.jar;C:\Users\aliza_rvjno4x\.m2\repository\com\google\code\gson\gson\2.8.9\gson-2.8.9.jar;C:\Users\aliza_rvjno4x\.m2\repository\com\google\inject\guice\5.1.0\guice-5.1.0.jar;C:\Users\aliza_rvjno4x\.m2\repository\javax\inject\javax.inject\1\javax.inject-1.jar;C:\Users\aliza_rvjno4x\.m2\repository\aopalliance\aopalliance\1.0\aopalliance-1.0.jar;C:\Users\aliza_rvjno4x\.m2\repository\com\google\guava\guava\30.1-jre\guava-30.1-jre.jar;C:\Users\aliza_rvjno4x\.m2\repository\com\google\guava\failureaccess\1.0.1\failureaccess-1.0.1.jar;C:\Users\aliza_rvjno4x\.m2\repository\com\google\guava\listenablefuture\9999.0-empty-to-avoid-conflict-with-guava\listenablefuture-9999.0-empty-to-avoid-conflict-with-guava.jar;C:\Users\aliza_rvjno4x\.m2\repository\com\google\code\findbugs\jsr305\3.0.2\jsr305-3.0.2.jar;C:\Users\aliza_rvjno4x\.m2\repository\org\checkerframework\checker-qual\3.5.0\checker-qual-3.5.0.jar;C:\Users\aliza_rvjno4x\.m2\repository\com\google\errorprone\error_prone_annotations\2.3.4\error_prone_annotations-2.3.4.jar;C:\Users\aliza_rvjno4x\.m2\repository\com\google\j2objc\j2objc-annotations\1.3\j2objc-annotations-1.3.jar;C:\Users\aliza_rvjno4x\.m2\repository\io\vertx\vertx-web\4.4.3\vertx-web-4.4.3.jar;C:\Users\aliza_rvjno4x\.m2\repository\io\vertx\vertx-web-common\4.4.3\vertx-web-common-4.4.3.jar;C:\Users\aliza_rvjno4x\.m2\repository\io\vertx\vertx-auth-common\4.4.3\vertx-auth-common-4.4.3.jar;C:\Users\aliza_rvjno4x\.m2\repository\io\vertx\vertx-bridge-common\4.4.3\vertx-bridge-common-4.4.3.jar
Launcher Type: SUN_STANDARD

[Global flags]
     intx CICompilerCount                          = 4                                         {product} {ergonomic}
     uint ConcGCThreads                            = 2                                         {product} {ergonomic}
     uint G1ConcRefinementThreads                  = 8                                         {product} {ergonomic}
   size_t G1HeapRegionSize                         = 1048576                                   {product} {ergonomic}
   size_t InitialHeapSize                          = 130023424                                 {product} {ergonomic}
   size_t MarkStackSize                            = 4194304                                   {product} {ergonomic}
   size_t MaxHeapSize                              = 2080374784                                {product} {ergonomic}
   size_t MaxNewSize                               = 1247805440                                {product} {ergonomic}
   size_t MinHeapDeltaBytes                        = 1048576                                   {product} {ergonomic}
   size_t MinHeapSize                              = 8388608                                   {product} {ergonomic}
    uintx NonNMethodCodeHeapSize                   = 5839372                                {pd product} {ergonomic}
    uintx NonProfiledCodeHeapSize                  = 122909434                              {pd product} {ergonomic}
    uintx ProfiledCodeHeapSize                     = 122909434                              {pd product} {ergonomic}
    uintx ReservedCodeCacheSize                    = 251658240                              {pd product} {ergonomic}
     bool SegmentedCodeCache                       = true                                      {product} {ergonomic}
   size_t SoftMaxHeapSize                          = 2080374784                             {manageable} {ergonomic}
     bool UseCompressedOops                        = true                           {product lp64_product} {ergonomic}
     bool UseG1GC                                  = true                                      {product} {ergonomic}
     bool UseLargePagesIndividualAllocation        = false                                  {pd product} {ergonomic}

Logging:
Log output configuration:
 #0: stdout all=warning uptime,level,tags foldmultilines=false
 #1: stderr all=off uptime,level,tags foldmultilines=false

Environment Variables:
PATH=C:\Windows\system32;C:\Windows;C:\Windows\System32\Wbem;C:\Windows\System32\WindowsPowerShell\v1.0\;C:\Windows\System32\OpenSSH\;C:\Program Files\nodejs\;C:\Users\aliza_rvjno4x\AppData\Local\Microsoft\WindowsApps;C:\Users\aliza_rvjno4x\AppData\Local\Programs\Microsoft VS Code\bin;C:\Users\aliza_rvjno4x\AppData\Roaming\npm
USERNAME=aliza_rvjno4x
OS=Windows_NT
PROCESSOR_IDENTIFIER=Intel64 Family 6 Model 126 Stepping 5, GenuineIntel
TMP=C:\Users\ALIZA_~1\AppData\Local\Temp
TEMP=C:\Users\ALIZA_~1\AppData\Local\Temp




Periodic native trim disabled

---------------  S Y S T E M  ---------------

OS:
 Windows 10 , 64 bit Build 19041 (10.0.19041.4597)
OS uptime: 32 days 16:13 hours

CPU: total 8 (initial active 8) (4 cores per cpu, 2 threads per core) family 6 model 126 stepping 5 microcode 0xa0, cx8, cmov, fxsr, ht, mmx, 3dnowpref, sse, sse2, sse3, ssse3, sse4.1, sse4.2, popcnt, lzcnt, tsc, tscinvbit, avx, avx2, aes, erms, clmul, bmi1, bmi2, adx, avx512f, avx512dq, avx512cd, avx512bw, avx512vl, sha, fma, vzeroupper, avx512_vpopcntdq, avx512_vpclmulqdq, avx512_vaes, avx512_vnni, clflush, clflushopt, avx512_vbmi2, avx512_vbmi, rdtscp, rdpid, fsrm, gfni, avx512_bitalg, f16c, pku, avx512_ifma
Processor Information for all 8 processors :
  Max Mhz: 1190, Current Mhz: 991, Mhz Limit: 987

Memory: 4k page, system-wide physical 7932M (113M free)
TotalPageFile size 32508M (AvailPageFile size 0M)
current process WorkingSet (physical memory assigned to process): 73M, peak: 73M
current process commit charge ("private bytes"): 222M, peak: 222M

vm_info: OpenJDK 64-Bit Server VM (22.0.2+9-70) for windows-amd64 JRE (22.0.2+9-70), built on 2024-06-04T16:52:23Z by "mach5one" with MS VC++ 17.6 (VS2022)

END.
